c:\users\stoya\downloads\68da786c-0585-48e8-a9e0-8c2fdcb78c23_pacman source code\pacman\pacman\debug\vc142.pdb
c:\users\stoya\downloads\68da786c-0585-48e8-a9e0-8c2fdcb78c23_pacman source code\pacman\pacman\debug\vc142.idb
c:\users\stoya\downloads\68da786c-0585-48e8-a9e0-8c2fdcb78c23_pacman source code\pacman\pacman\debug\world.obj
c:\users\stoya\downloads\68da786c-0585-48e8-a9e0-8c2fdcb78c23_pacman source code\pacman\pacman\debug\vector2f.obj
c:\users\stoya\downloads\68da786c-0585-48e8-a9e0-8c2fdcb78c23_pacman source code\pacman\pacman\debug\staticgameentity.obj
c:\users\stoya\downloads\68da786c-0585-48e8-a9e0-8c2fdcb78c23_pacman source code\pacman\pacman\debug\pathmaptile.obj
c:\users\stoya\downloads\68da786c-0585-48e8-a9e0-8c2fdcb78c23_pacman source code\pacman\pacman\debug\pacman.obj
c:\users\stoya\downloads\68da786c-0585-48e8-a9e0-8c2fdcb78c23_pacman source code\pacman\pacman\debug\movablegameentity.obj
c:\users\stoya\downloads\68da786c-0585-48e8-a9e0-8c2fdcb78c23_pacman source code\pacman\pacman\debug\main.obj
c:\users\stoya\downloads\68da786c-0585-48e8-a9e0-8c2fdcb78c23_pacman source code\pacman\pacman\debug\ghost.obj
c:\users\stoya\downloads\68da786c-0585-48e8-a9e0-8c2fdcb78c23_pacman source code\pacman\pacman\debug\gameentity.obj
c:\users\stoya\downloads\68da786c-0585-48e8-a9e0-8c2fdcb78c23_pacman source code\pacman\pacman\debug\drawer.obj
c:\users\stoya\downloads\68da786c-0585-48e8-a9e0-8c2fdcb78c23_pacman source code\pacman\pacman\debug\dot.obj
c:\users\stoya\downloads\68da786c-0585-48e8-a9e0-8c2fdcb78c23_pacman source code\pacman\pacman\debug\cherry.obj
c:\users\stoya\downloads\68da786c-0585-48e8-a9e0-8c2fdcb78c23_pacman source code\pacman\pacman\debug\bigdot.obj
c:\users\stoya\downloads\68da786c-0585-48e8-a9e0-8c2fdcb78c23_pacman source code\pacman\pacman\debug\avatar.obj
c:\users\stoya\onedrive\desktop\ubisoft\68da786c-0585-48e8-a9e0-8c2fdcb78c23_pacman source code\pacman\pac-man\pacman\debug\vc142.pdb
c:\users\stoya\onedrive\desktop\ubisoft\68da786c-0585-48e8-a9e0-8c2fdcb78c23_pacman source code\pacman\pac-man\pacman\debug\vc142.idb
c:\users\stoya\onedrive\desktop\ubisoft\68da786c-0585-48e8-a9e0-8c2fdcb78c23_pacman source code\pacman\pac-man\pacman\debug\world.obj
c:\users\stoya\onedrive\desktop\ubisoft\68da786c-0585-48e8-a9e0-8c2fdcb78c23_pacman source code\pacman\pac-man\pacman\debug\vector2f.obj
c:\users\stoya\onedrive\desktop\ubisoft\68da786c-0585-48e8-a9e0-8c2fdcb78c23_pacman source code\pacman\pac-man\pacman\debug\staticgameentity.obj
c:\users\stoya\onedrive\desktop\ubisoft\68da786c-0585-48e8-a9e0-8c2fdcb78c23_pacman source code\pacman\pac-man\pacman\debug\pathmaptile.obj
c:\users\stoya\onedrive\desktop\ubisoft\68da786c-0585-48e8-a9e0-8c2fdcb78c23_pacman source code\pacman\pac-man\pacman\debug\pacman.obj
c:\users\stoya\onedrive\desktop\ubisoft\68da786c-0585-48e8-a9e0-8c2fdcb78c23_pacman source code\pacman\pac-man\pacman\debug\movablegameentity.obj
c:\users\stoya\onedrive\desktop\ubisoft\68da786c-0585-48e8-a9e0-8c2fdcb78c23_pacman source code\pacman\pac-man\pacman\debug\main.obj
c:\users\stoya\onedrive\desktop\ubisoft\68da786c-0585-48e8-a9e0-8c2fdcb78c23_pacman source code\pacman\pac-man\pacman\debug\ghost.obj
c:\users\stoya\onedrive\desktop\ubisoft\68da786c-0585-48e8-a9e0-8c2fdcb78c23_pacman source code\pacman\pac-man\pacman\debug\gameentity.obj
c:\users\stoya\onedrive\desktop\ubisoft\68da786c-0585-48e8-a9e0-8c2fdcb78c23_pacman source code\pacman\pac-man\pacman\debug\drawer.obj
c:\users\stoya\onedrive\desktop\ubisoft\68da786c-0585-48e8-a9e0-8c2fdcb78c23_pacman source code\pacman\pac-man\pacman\debug\dot.obj
c:\users\stoya\onedrive\desktop\ubisoft\68da786c-0585-48e8-a9e0-8c2fdcb78c23_pacman source code\pacman\pac-man\pacman\debug\cherry.obj
c:\users\stoya\onedrive\desktop\ubisoft\68da786c-0585-48e8-a9e0-8c2fdcb78c23_pacman source code\pacman\pac-man\pacman\debug\bigdot.obj
c:\users\stoya\onedrive\desktop\ubisoft\68da786c-0585-48e8-a9e0-8c2fdcb78c23_pacman source code\pacman\pac-man\pacman\debug\avatar.obj
c:\users\stoya\onedrive\desktop\ubisoft\68da786c-0585-48e8-a9e0-8c2fdcb78c23_pacman source code\pacman\pac-man\pacman\debug\core.obj
c:\users\stoya\onedrive\desktop\ubisoft\68da786c-0585-48e8-a9e0-8c2fdcb78c23_pacman source code\pacman\pac-man\pacman\debug\drawtextentity.obj
c:\users\stoya\onedrive\desktop\ubisoft\68da786c-0585-48e8-a9e0-8c2fdcb78c23_pacman source code\pacman\pac-man\pacman\debug\drawentity.obj
c:\users\stoya\onedrive\desktop\ubisoft\68da786c-0585-48e8-a9e0-8c2fdcb78c23_pacman source code\pacman\pac-man\pacman\debug\window.obj
c:\users\stoya\onedrive\desktop\ubisoft\68da786c-0585-48e8-a9e0-8c2fdcb78c23_pacman source code\pacman\pac-man\pacman\debug\renderer.obj
c:\users\stoya\downloads\68da786c-0585-48e8-a9e0-8c2fdcb78c23_pacman source code\pacman\debug\pacman.exe
c:\users\stoya\downloads\68da786c-0585-48e8-a9e0-8c2fdcb78c23_pacman source code\pacman\debug\pacman.ilk
c:\users\stoya\downloads\68da786c-0585-48e8-a9e0-8c2fdcb78c23_pacman source code\pacman\debug\pacman.pdb
c:\users\stoya\onedrive\desktop\ubisoft\68da786c-0585-48e8-a9e0-8c2fdcb78c23_pacman source code\pacman\pac-man\debug\pacman.exe
c:\users\stoya\onedrive\desktop\ubisoft\68da786c-0585-48e8-a9e0-8c2fdcb78c23_pacman source code\pacman\pac-man\debug\pacman.ilk
c:\users\stoya\onedrive\desktop\ubisoft\68da786c-0585-48e8-a9e0-8c2fdcb78c23_pacman source code\pacman\pac-man\debug\pacman.pdb
c:\users\stoya\onedrive\desktop\ubisoft\68da786c-0585-48e8-a9e0-8c2fdcb78c23_pacman source code\pacman\pac-man\pacman\debug\pacman.tlog\cl.command.1.tlog
c:\users\stoya\onedrive\desktop\ubisoft\68da786c-0585-48e8-a9e0-8c2fdcb78c23_pacman source code\pacman\pac-man\pacman\debug\pacman.tlog\cl.read.1.tlog
c:\users\stoya\onedrive\desktop\ubisoft\68da786c-0585-48e8-a9e0-8c2fdcb78c23_pacman source code\pacman\pac-man\pacman\debug\pacman.tlog\cl.write.1.tlog
c:\users\stoya\onedrive\desktop\ubisoft\68da786c-0585-48e8-a9e0-8c2fdcb78c23_pacman source code\pacman\pac-man\pacman\debug\pacman.tlog\link.command.1.tlog
c:\users\stoya\onedrive\desktop\ubisoft\68da786c-0585-48e8-a9e0-8c2fdcb78c23_pacman source code\pacman\pac-man\pacman\debug\pacman.tlog\link.read.1.tlog
c:\users\stoya\onedrive\desktop\ubisoft\68da786c-0585-48e8-a9e0-8c2fdcb78c23_pacman source code\pacman\pac-man\pacman\debug\pacman.tlog\link.write.1.tlog
